Using pre-set license
Built from '2021.1/release' branch; Version is '2021.1.10f1 (b15f561b2cef) revision 11624278'; Using compiler version '192528614'; Build Type 'Release'
OS: 'Windows 10 Home; OS build 19041.1110; Version 2004; 64bit' Language: 'en' Physical Memory: 32697 MB
BatchMode: 1, IsHumanControllingUs: 0, StartBugReporterOnCrash: 0, Is64bit: 1, IsPro: 0

 COMMAND LINE ARGUMENTS:
C:\Program Files\Unity\Hub\Editor\2021.1.10f1\Editor\Unity.exe
-adb2
-batchMode
-noUpm
-name
AssetImportWorker0
-projectPath
C:/Users/LuisA/Documents/GitHub/CardGame/CardGame
-logFile
Logs/AssetImportWorker0.log
-srvPort
64534
Successfully changed project path to: C:/Users/LuisA/Documents/GitHub/CardGame/CardGame
C:/Users/LuisA/Documents/GitHub/CardGame/CardGame
Using Asset Import Pipeline V2.
Refreshing native plugins compatible for Editor in 34.54 ms, found 3 plugins.
Preloading 0 native plugins for Editor in 0.00 ms.
Initialize engine version: 2021.1.10f1 (b15f561b2cef)
[Subsystems] Discovering subsystems at path C:/Program Files/Unity/Hub/Editor/2021.1.10f1/Editor/Data/Resources/UnitySubsystems
[Subsystems] Discovering subsystems at path C:/Users/LuisA/Documents/GitHub/CardGame/CardGame/Assets
GfxDevice: creating device client; threaded=0; jobified=0
Direct3D:
    Version:  Direct3D 11.0 [level 11.1]
    Renderer: NVIDIA GeForce RTX 2070 SUPER (ID=0x1e84)
    Vendor:   NVIDIA
    VRAM:     8011 MB
    Driver:   27.21.14.6663
Initialize mono
Mono path[0] = 'C:/Program Files/Unity/Hub/Editor/2021.1.10f1/Editor/Data/Managed'
Mono path[1] = 'C:/Program Files/Unity/Hub/Editor/2021.1.10f1/Editor/Data/MonoBleedingEdge/lib/mono/unityjit'
Mono config path = 'C:/Program Files/Unity/Hub/Editor/2021.1.10f1/Editor/Data/MonoBleedingEdge/etc'
Using monoOptions --debugger-agent=transport=dt_socket,embedding=1,server=y,suspend=n,address=127.0.0.1:56408
Begin MonoManager ReloadAssembly
Registering precompiled unity dll's ...
Register platform support module: C:/Program Files/Unity/Hub/Editor/2021.1.10f1/Editor/Data/PlaybackEngines/WindowsStandaloneSupport/UnityEditor.WindowsStandalone.Extensions.dll
Registered in 0.001362 seconds.
Native extension for WindowsStandalone target not found
Refreshing native plugins compatible for Editor in 34.33 ms, found 3 plugins.
Preloading 0 native plugins for Editor in 0.00 ms.
Mono: successfully reloaded assembly
- Completed reload, in  0.872 seconds
Domain Reload Profiling:
	ReloadAssembly (872ms)
		BeginReloadAssembly (37ms)
			ExecutionOrderSort (0ms)
			DisableScriptedObjects (0ms)
			BackupInstance (0ms)
			ReleaseScriptingObjects (0ms)
			CreateAndSetChildDomain (1ms)
		EndReloadAssembly (317ms)
			LoadAssemblies (36ms)
			RebuildTransferFunctionScriptingTraits (0ms)
			SetupTypeCache (127ms)
			ReleaseScriptCaches (0ms)
			RebuildScriptCaches (21ms)
			SetupLoadedEditorAssemblies (135ms)
				LogAssemblyErrors (0ms)
				InitializePlatformSupportModulesInManaged (4ms)
				SetLoadedEditorAssemblies (0ms)
				RefreshPlugins (34ms)
				BeforeProcessingInitializeOnLoad (1ms)
				ProcessInitializeOnLoadAttributes (72ms)
				ProcessInitializeOnLoadMethodAttributes (22ms)
				AfterProcessingInitializeOnLoad (0ms)
				EditorAssembliesLoaded (0ms)
			ExecutionOrderSort2 (0ms)
			AwakeInstancesAfterBackupRestoration (0ms)
Platform modules already initialized, skipping
Registering precompiled user dll's ...
Registered in 0.004196 seconds.
Begin MonoManager ReloadAssembly
Native extension for WindowsStandalone target not found
Refreshing native plugins compatible for Editor in 35.53 ms, found 3 plugins.
Preloading 0 native plugins for Editor in 0.00 ms.
Find all reader and writers took 66 milliseconds
Script Module: UnityEngine.UI.dll
Weave sync objects took 3 milliseconds
Weave behaviours and messages took14 milliseconds
Find all reader and writers took 56 milliseconds
Script Module: UnityEngine.TestRunner.dll
Weave sync objects took 6 milliseconds
Weave behaviours and messages took8 milliseconds
Find all reader and writers took 55 milliseconds
Script Module: Unity.Mathematics.dll
Weave sync objects took 5 milliseconds
Weave behaviours and messages took5 milliseconds
Find all reader and writers took 59 milliseconds
Script Module: Unity.2D.Animation.Triangle.Runtime.dll
Weave sync objects took 0 milliseconds
Weave behaviours and messages took0 milliseconds
Find all reader and writers took 56 milliseconds
Script Module: Unity.Timeline.dll
Weave sync objects took 5 milliseconds
Weave behaviours and messages took6 milliseconds
Find all reader and writers took 54 milliseconds
Script Module: Mirror.Examples.dll
Weave sync objects took 5 milliseconds
[CreatePlayerMessage] MessageClassProcessor Start
[CreatePlayerMessage]   GenerateSerialization
[CreatePlayerMessage]   GenerateDeserialization
[CreatePlayerMessage] MessageClassProcessor Done
Weave behaviours and messages took17 milliseconds
  ProcessSitesModule Mirror.Examples.dll elapsed time:00:00:00.0119677
Find all reader and writers took 53 milliseconds
Script Module: Mirror.Components.dll
Weave sync objects took 5 milliseconds
[NetworkVisibility] Found NetworkBehaviour Mirror.NetworkVisibility
[NetworkVisibility] NetworkBehaviourProcessor
[NetworkVisibility] Process Start
[NetworkVisibility]   GenerateSerialization
[NetworkVisibility]   GenerateDeSerialization
[NetworkVisibility] Process Done
[ServerRequest] MessageClassProcessor Start
[ServerRequest]   GenerateSerialization
[ServerRequest]   GenerateDeserialization
[ServerRequest] MessageClassProcessor Done
[ServerResponse] MessageClassProcessor Start
[ServerResponse]   GenerateSerialization
[ServerResponse]   GenerateDeserialization
[ServerResponse] MessageClassProcessor Done
Weave behaviours and messages took12 milliseconds
  ProcessSitesModule Mirror.Components.dll elapsed time:00:00:00.0049867
Find all reader and writers took 53 milliseconds
Script Module: Unity.TextMeshPro.dll
Weave sync objects took 13 milliseconds
Weave behaviours and messages took16 milliseconds
Find all reader and writers took 50 milliseconds
Script Module: Unity.2D.Animation.Runtime.dll
Weave sync objects took 2 milliseconds
Weave behaviours and messages took3 milliseconds
Find all reader and writers took 50 milliseconds
Script Module: Unity.Postprocessing.Runtime.dll
Weave sync objects took 3 milliseconds
Weave behaviours and messages took3 milliseconds
Find all reader and writers took 50 milliseconds
Script Module: Unity.2D.IK.Runtime.dll
Weave sync objects took 2 milliseconds
Weave behaviours and messages took3 milliseconds
Find all reader and writers took 51 milliseconds
Script Module: Ninja.WebSockets.dll
Weave sync objects took 1 milliseconds
Weave behaviours and messages took1 milliseconds
Find all reader and writers took 51 milliseconds
Script Module: Unity.2D.SpriteShape.Runtime.dll
Weave sync objects took 3 milliseconds
Weave behaviours and messages took4 milliseconds
Find all reader and writers took 51 milliseconds
Script Module: Assembly-CSharp.dll
Weave sync objects took 3 milliseconds
Weave behaviours and messages took5 milliseconds
Find all reader and writers took 50 milliseconds
Script Module: Mirror.Authenticators.dll
Weave sync objects took 3 milliseconds
[AuthRequestMessage] MessageClassProcessor Start
[AuthRequestMessage]   GenerateSerialization
[AuthRequestMessage]   GenerateDeserialization
[AuthRequestMessage] MessageClassProcessor Done
[AuthResponseMessage] MessageClassProcessor Start
[AuthResponseMessage]   GenerateSerialization
[AuthResponseMessage]   GenerateDeserialization
[AuthResponseMessage] MessageClassProcessor Done
Weave behaviours and messages took3 milliseconds
  ProcessSitesModule Mirror.Authenticators.dll elapsed time:00:00:00
Find all reader and writers took 50 milliseconds
Script Module: Unity.2D.PixelPerfect.dll
Weave sync objects took 2 milliseconds
Weave behaviours and messages took3 milliseconds
Find all reader and writers took 50 milliseconds
Script Module: Unity.2D.Common.Runtime.dll
Weave sync objects took 0 milliseconds
Weave behaviours and messages took0 milliseconds
Find all reader and writers took 50 milliseconds
Script Module: Unity.InternalAPIEngineBridge.001.dll
Weave sync objects took 0 milliseconds
Weave behaviours and messages took0 milliseconds
Find all reader and writers took 51 milliseconds
Script Module: UnityEditor.TestRunner.dll
Weave sync objects took 11 milliseconds
Weave behaviours and messages took12 milliseconds
Find all reader and writers took 55 milliseconds
Script Module: UnityEditor.UI.dll
Weave sync objects took 7 milliseconds
Weave behaviours and messages took7 milliseconds
Find all reader and writers took 53 milliseconds
Script Module: PsdPlugin.dll
Weave sync objects took 0 milliseconds
Weave behaviours and messages took0 milliseconds
Find all reader and writers took 53 milliseconds
Script Module: Mirror.CompilerSymbols.dll
Weave sync objects took 0 milliseconds
Weave behaviours and messages took0 milliseconds
Find all reader and writers took 54 milliseconds
Script Module: Unity.InternalAPIEditorBridge.001.dll
Weave sync objects took 4 milliseconds
Weave behaviours and messages took4 milliseconds
Mono: successfully reloaded assembly
- Completed reload, in  4.186 seconds
Domain Reload Profiling:
	ReloadAssembly (4187ms)
		BeginReloadAssembly (113ms)
			ExecutionOrderSort (0ms)
			DisableScriptedObjects (3ms)
			BackupInstance (0ms)
			ReleaseScriptingObjects (0ms)
			CreateAndSetChildDomain (15ms)
		EndReloadAssembly (4026ms)
			LoadAssemblies (65ms)
			RebuildTransferFunctionScriptingTraits (0ms)
			SetupTypeCache (254ms)
			ReleaseScriptCaches (0ms)
			RebuildScriptCaches (40ms)
			SetupLoadedEditorAssemblies (3584ms)
				LogAssemblyErrors (0ms)
				InitializePlatformSupportModulesInManaged (3ms)
				SetLoadedEditorAssemblies (0ms)
				RefreshPlugins (36ms)
				BeforeProcessingInitializeOnLoad (48ms)
				ProcessInitializeOnLoadAttributes (183ms)
				ProcessInitializeOnLoadMethodAttributes (3310ms)
				AfterProcessingInitializeOnLoad (5ms)
				EditorAssembliesLoaded (0ms)
			ExecutionOrderSort2 (0ms)
			AwakeInstancesAfterBackupRestoration (5ms)
Platform modules already initialized, skipping
========================================================================
Worker process is ready to serve import requests
Launched and connected shader compiler UnityShaderCompiler.exe after 0.02 seconds
Refreshing native plugins compatible for Editor in 0.43 ms, found 3 plugins.
Preloading 0 native plugins for Editor in 0.00 ms.
Unloading 2430 Unused Serialized files (Serialized files now loaded: 0)
System memory in use before: 111.2 MB.
System memory in use after: 111.4 MB.

Unloading 33 unused Assets to reduce memory usage. Loaded Objects now: 2884.
Total: 4.076900 ms (FindLiveObjects: 0.168300 ms CreateObjectMapping: 0.098000 ms MarkObjects: 3.765300 ms  DeleteObjects: 0.044500 ms)

AssetImportParameters requested are different than current active one (requested -> active):
  custom:framework-win-MediaFoundation: 216162199b28c13a410421893ffa2e32 -> 
  custom:video-decoder-ogg-theora: a1e56fd34408186e4bbccfd4996cb3dc -> 
  custom:container-muxer-webm: aa71ff27fc2769a1b78a27578f13a17b -> 
  custom:container-demuxer-webm: 4f35f7cbe854078d1ac9338744f61a02 -> 
  custom:container-demuxer-ogg: 62fdf1f143b41e24485cea50d1cbac27 -> 
  custom:video-encoder-webm-vp8: eb34c28f22e8b96e1ab97ce403110664 -> 
  custom:video-decoder-webm-vp8: 9c59270c3fd7afecdb556c50c9e8de78 -> 
  custom:audio-decoder-ogg-vorbis: bf7c407c2cedff20999df2af8eb42d56 -> 
  custom:audio-encoder-webm-vorbis: bf7c407c2cedff20999df2af8eb42d56 -> 
========================================================================
Received Import Request.
  path: Assets/Audio/LoseStar.wav
  artifactKey: Guid(e1298d32eece14f479d8411afaf9c70d) Importer(815301076,1909f56bfc062723c751e8b465ee728b)
Start importing Assets/Audio/LoseStar.wav using Guid(e1298d32eece14f479d8411afaf9c70d) Importer(815301076,1909f56bfc062723c751e8b465ee728b)  -> (artifact id: '9d6bec51d17776b68a4dabc04a264a20') in 0.090922 seconds 
========================================================================
Received Import Request.
  Time since last request: 0.000245 seconds.
  path: Assets/Audio/PunchMiss.wav
  artifactKey: Guid(dafeb27a8101c0f4c92b8bb49c88581a) Importer(815301076,1909f56bfc062723c751e8b465ee728b)
Start importing Assets/Audio/PunchMiss.wav using Guid(dafeb27a8101c0f4c92b8bb49c88581a) Importer(815301076,1909f56bfc062723c751e8b465ee728b)  -> (artifact id: '3ac3fa4509aa7bd36fa225d7a4de3fb8') in 0.008299 seconds 
========================================================================
Received Import Request.
  Time since last request: 0.000168 seconds.
  path: Assets/Audio/SpentStar.wav
  artifactKey: Guid(c352ed56b24f41845a744a64893849d5) Importer(815301076,1909f56bfc062723c751e8b465ee728b)
Start importing Assets/Audio/SpentStar.wav using Guid(c352ed56b24f41845a744a64893849d5) Importer(815301076,1909f56bfc062723c751e8b465ee728b)  -> (artifact id: '2ed209312dfc6d1b8a2dc1185efafd85') in 0.007902 seconds 
========================================================================
Received Import Request.
  Time since last request: 0.000180 seconds.
  path: Assets/Audio/Bell.wav
  artifactKey: Guid(6e80061051662e54994ece3abbf31ba3) Importer(815301076,1909f56bfc062723c751e8b465ee728b)
Start importing Assets/Audio/Bell.wav using Guid(6e80061051662e54994ece3abbf31ba3) Importer(815301076,1909f56bfc062723c751e8b465ee728b)  -> (artifact id: 'ed6c0a8e6689f6d3a260a4254ba41db5') in 0.008861 seconds 
========================================================================
Received Import Request.
  Time since last request: 0.000118 seconds.
  path: Assets/Audio/PunchHit4.wav
  artifactKey: Guid(1855828c38cb0fa41bc16b87f54458ba) Importer(815301076,1909f56bfc062723c751e8b465ee728b)
Start importing Assets/Audio/PunchHit4.wav using Guid(1855828c38cb0fa41bc16b87f54458ba) Importer(815301076,1909f56bfc062723c751e8b465ee728b)  -> (artifact id: '63adcf947b2e89476698b23eed277894') in 0.008230 seconds 
========================================================================
Received Import Request.
  Time since last request: 0.000192 seconds.
  path: Assets/Audio/PunchHit5.wav
  artifactKey: Guid(4589fb53079b49648b64fe412c596e8a) Importer(815301076,1909f56bfc062723c751e8b465ee728b)
Start importing Assets/Audio/PunchHit5.wav using Guid(4589fb53079b49648b64fe412c596e8a) Importer(815301076,1909f56bfc062723c751e8b465ee728b)  -> (artifact id: '6afe5da7ff373d0c70182a26a94d5b2e') in 0.008979 seconds 
========================================================================
Received Import Request.
  Time since last request: 0.000173 seconds.
  path: Assets/Audio/PunchBlock.wav
  artifactKey: Guid(90e7819117067e9439c023d80ce16eab) Importer(815301076,1909f56bfc062723c751e8b465ee728b)
Start importing Assets/Audio/PunchBlock.wav using Guid(90e7819117067e9439c023d80ce16eab) Importer(815301076,1909f56bfc062723c751e8b465ee728b)  -> (artifact id: '86fc7b9f4d4f2db1459b08531a66c8db') in 0.008076 seconds 
========================================================================
Received Import Request.
  Time since last request: 0.000184 seconds.
  path: Assets/Audio/GainStar.wav
  artifactKey: Guid(3ff7e9c97fb73394fba29fc93878ad10) Importer(815301076,1909f56bfc062723c751e8b465ee728b)
Start importing Assets/Audio/GainStar.wav using Guid(3ff7e9c97fb73394fba29fc93878ad10) Importer(815301076,1909f56bfc062723c751e8b465ee728b)  -> (artifact id: '830849180667e8348ebcfaa6f5f66565') in 0.009639 seconds 
========================================================================
Received Import Request.
  Time since last request: 0.000195 seconds.
  path: Assets/Audio/PunchHit1.wav
  artifactKey: Guid(18c6587969a8f8643884530d53d5e79f) Importer(815301076,1909f56bfc062723c751e8b465ee728b)
Start importing Assets/Audio/PunchHit1.wav using Guid(18c6587969a8f8643884530d53d5e79f) Importer(815301076,1909f56bfc062723c751e8b465ee728b)  -> (artifact id: '531ef9288749b8c4e400d4f4a8264ba0') in 0.008109 seconds 
========================================================================
Received Import Request.
  Time since last request: 0.000227 seconds.
  path: Assets/Audio/ButtonError.wav
  artifactKey: Guid(3cdd3de25ca538d409f3cfd14885200a) Importer(815301076,1909f56bfc062723c751e8b465ee728b)
Start importing Assets/Audio/ButtonError.wav using Guid(3cdd3de25ca538d409f3cfd14885200a) Importer(815301076,1909f56bfc062723c751e8b465ee728b)  -> (artifact id: 'c60971fc5e4ab154073fadaa64baf627') in 0.007971 seconds 
========================================================================
Received Import Request.
  Time since last request: 0.000210 seconds.
  path: Assets/Audio/Fight.wav
  artifactKey: Guid(42eb9ef9c98369849886c1b82e6db865) Importer(815301076,1909f56bfc062723c751e8b465ee728b)
Start importing Assets/Audio/Fight.wav using Guid(42eb9ef9c98369849886c1b82e6db865) Importer(815301076,1909f56bfc062723c751e8b465ee728b)  -> (artifact id: '86d57dd41a7a386bc46fe3b8f34cb3f2') in 0.008312 seconds 
========================================================================
Received Import Request.
  Time since last request: 0.000158 seconds.
  path: Assets/Audio/PunchHit2.wav
  artifactKey: Guid(01b0e786e6ca3f243a1737ddf38d7d1b) Importer(815301076,1909f56bfc062723c751e8b465ee728b)
Start importing Assets/Audio/PunchHit2.wav using Guid(01b0e786e6ca3f243a1737ddf38d7d1b) Importer(815301076,1909f56bfc062723c751e8b465ee728b)  -> (artifact id: 'dc8c06833051b52a45940b5dceccf176') in 0.008880 seconds 
========================================================================
Received Import Request.
  Time since last request: 0.000179 seconds.
  path: Assets/Audio/BGMusic.mp3
  artifactKey: Guid(ef06b25182dee0e439da1d5221faccfc) Importer(815301076,1909f56bfc062723c751e8b465ee728b)
Start importing Assets/Audio/BGMusic.mp3 using Guid(ef06b25182dee0e439da1d5221faccfc) Importer(815301076,1909f56bfc062723c751e8b465ee728b)  -> (artifact id: '2bfa9d54c5127518468a07fbdf0c024a') in 0.009192 seconds 
========================================================================
Received Import Request.
  Time since last request: 0.000152 seconds.
  path: Assets/Audio/PunchHit3.wav
  artifactKey: Guid(4e326eea3f7c4fc4f816773ea2f99044) Importer(815301076,1909f56bfc062723c751e8b465ee728b)
Start importing Assets/Audio/PunchHit3.wav using Guid(4e326eea3f7c4fc4f816773ea2f99044) Importer(815301076,1909f56bfc062723c751e8b465ee728b)  -> (artifact id: '38d83649becab2df4c0c74614d9e2b3c') in 0.008981 seconds 
========================================================================
Received Import Request.
  Time since last request: 0.000225 seconds.
  path: Assets/Audio/HealthGain.wav
  artifactKey: Guid(0fec27538715ffd489ad6f707e30d6df) Importer(815301076,1909f56bfc062723c751e8b465ee728b)
Start importing Assets/Audio/HealthGain.wav using Guid(0fec27538715ffd489ad6f707e30d6df) Importer(815301076,1909f56bfc062723c751e8b465ee728b)  -> (artifact id: '0e3596e80f063f2d14807454838e9be7') in 0.009791 seconds 
========================================================================
Received Import Request.
  Time since last request: 0.000242 seconds.
  path: Assets/Audio/ButtonPress.wav
  artifactKey: Guid(f643b68324b124246a1d0b8d4ed9b411) Importer(815301076,1909f56bfc062723c751e8b465ee728b)
Start importing Assets/Audio/ButtonPress.wav using Guid(f643b68324b124246a1d0b8d4ed9b411) Importer(815301076,1909f56bfc062723c751e8b465ee728b)  -> (artifact id: 'a9f5e6e62c2e64fcbb3ecec83affefde') in 0.008455 seconds 
========================================================================
Received Prepare
Registering precompiled user dll's ...
Registered in 0.003753 seconds.
Begin MonoManager ReloadAssembly
Native extension for WindowsStandalone target not found
Refreshing native plugins compatible for Editor in 0.44 ms, found 3 plugins.
Preloading 0 native plugins for Editor in 0.00 ms.
Mono: successfully reloaded assembly
- Completed reload, in  0.790 seconds
Domain Reload Profiling:
	ReloadAssembly (790ms)
		BeginReloadAssembly (92ms)
			ExecutionOrderSort (0ms)
			DisableScriptedObjects (4ms)
			BackupInstance (0ms)
			ReleaseScriptingObjects (0ms)
			CreateAndSetChildDomain (32ms)
		EndReloadAssembly (651ms)
			LoadAssemblies (62ms)
			RebuildTransferFunctionScriptingTraits (0ms)
			SetupTypeCache (237ms)
			ReleaseScriptCaches (1ms)
			RebuildScriptCaches (38ms)
			SetupLoadedEditorAssemblies (228ms)
				LogAssemblyErrors (0ms)
				InitializePlatformSupportModulesInManaged (4ms)
				SetLoadedEditorAssemblies (0ms)
				RefreshPlugins (0ms)
				BeforeProcessingInitializeOnLoad (46ms)
				ProcessInitializeOnLoadAttributes (160ms)
				ProcessInitializeOnLoadMethodAttributes (13ms)
				AfterProcessingInitializeOnLoad (5ms)
				EditorAssembliesLoaded (0ms)
			ExecutionOrderSort2 (0ms)
			AwakeInstancesAfterBackupRestoration (8ms)
Platform modules already initialized, skipping
Refreshing native plugins compatible for Editor in 0.44 ms, found 3 plugins.
Preloading 0 native plugins for Editor in 0.00 ms.
Unloading 2394 Unused Serialized files (Serialized files now loaded: 0)
System memory in use before: 112.2 MB.
System memory in use after: 112.4 MB.

Unloading 22 unused Assets to reduce memory usage. Loaded Objects now: 2896.
Total: 1.888600 ms (FindLiveObjects: 0.157700 ms CreateObjectMapping: 0.083800 ms MarkObjects: 1.634300 ms  DeleteObjects: 0.011900 ms)

AssetImportParameters requested are different than current active one (requested -> active):
  custom:framework-win-MediaFoundation: 216162199b28c13a410421893ffa2e32 -> 
  custom:video-decoder-ogg-theora: a1e56fd34408186e4bbccfd4996cb3dc -> 
  custom:container-muxer-webm: aa71ff27fc2769a1b78a27578f13a17b -> 
  custom:container-demuxer-webm: 4f35f7cbe854078d1ac9338744f61a02 -> 
  custom:container-demuxer-ogg: 62fdf1f143b41e24485cea50d1cbac27 -> 
  custom:video-encoder-webm-vp8: eb34c28f22e8b96e1ab97ce403110664 -> 
  custom:video-decoder-webm-vp8: 9c59270c3fd7afecdb556c50c9e8de78 -> 
  custom:audio-decoder-ogg-vorbis: bf7c407c2cedff20999df2af8eb42d56 -> 
  custom:audio-encoder-webm-vorbis: bf7c407c2cedff20999df2af8eb42d56 -> 
========================================================================
Received Prepare
Registering precompiled user dll's ...
Registered in 0.003760 seconds.
Begin MonoManager ReloadAssembly
Native extension for WindowsStandalone target not found
Refreshing native plugins compatible for Editor in 0.47 ms, found 3 plugins.
Preloading 0 native plugins for Editor in 0.00 ms.
Mono: successfully reloaded assembly
- Completed reload, in  0.806 seconds
Domain Reload Profiling:
	ReloadAssembly (807ms)
		BeginReloadAssembly (93ms)
			ExecutionOrderSort (0ms)
			DisableScriptedObjects (5ms)
			BackupInstance (0ms)
			ReleaseScriptingObjects (0ms)
			CreateAndSetChildDomain (27ms)
		EndReloadAssembly (667ms)
			LoadAssemblies (63ms)
			RebuildTransferFunctionScriptingTraits (0ms)
			SetupTypeCache (236ms)
			ReleaseScriptCaches (1ms)
			RebuildScriptCaches (38ms)
			SetupLoadedEditorAssemblies (240ms)
				LogAssemblyErrors (0ms)
				InitializePlatformSupportModulesInManaged (4ms)
				SetLoadedEditorAssemblies (0ms)
				RefreshPlugins (1ms)
				BeforeProcessingInitializeOnLoad (49ms)
				ProcessInitializeOnLoadAttributes (168ms)
				ProcessInitializeOnLoadMethodAttributes (13ms)
				AfterProcessingInitializeOnLoad (5ms)
				EditorAssembliesLoaded (0ms)
			ExecutionOrderSort2 (0ms)
			AwakeInstancesAfterBackupRestoration (8ms)
Platform modules already initialized, skipping
Refreshing native plugins compatible for Editor in 0.47 ms, found 3 plugins.
Preloading 0 native plugins for Editor in 0.00 ms.
Unloading 2394 Unused Serialized files (Serialized files now loaded: 0)
System memory in use before: 112.2 MB.
System memory in use after: 112.5 MB.

Unloading 22 unused Assets to reduce memory usage. Loaded Objects now: 2899.
Total: 2.166200 ms (FindLiveObjects: 0.184800 ms CreateObjectMapping: 0.083900 ms MarkObjects: 1.882200 ms  DeleteObjects: 0.014100 ms)

AssetImportParameters requested are different than current active one (requested -> active):
  custom:framework-win-MediaFoundation: 216162199b28c13a410421893ffa2e32 -> 
  custom:video-decoder-ogg-theora: a1e56fd34408186e4bbccfd4996cb3dc -> 
  custom:container-muxer-webm: aa71ff27fc2769a1b78a27578f13a17b -> 
  custom:container-demuxer-webm: 4f35f7cbe854078d1ac9338744f61a02 -> 
  custom:container-demuxer-ogg: 62fdf1f143b41e24485cea50d1cbac27 -> 
  custom:video-encoder-webm-vp8: eb34c28f22e8b96e1ab97ce403110664 -> 
  custom:video-decoder-webm-vp8: 9c59270c3fd7afecdb556c50c9e8de78 -> 
  custom:audio-decoder-ogg-vorbis: bf7c407c2cedff20999df2af8eb42d56 -> 
  custom:audio-encoder-webm-vorbis: bf7c407c2cedff20999df2af8eb42d56 -> 
========================================================================
Received Import Request.
  Time since last request: 219.451909 seconds.
  path: Assets/Audio/Draw.mp3
  artifactKey: Guid(cd1037037b5bb124ca87eac74cd99d69) Importer(815301076,1909f56bfc062723c751e8b465ee728b)
Start importing Assets/Audio/Draw.mp3 using Guid(cd1037037b5bb124ca87eac74cd99d69) Importer(815301076,1909f56bfc062723c751e8b465ee728b)  -> (artifact id: '2fef6fa4fcab0e58d1774b6aac33fdfb') in 0.034922 seconds 
========================================================================
Received Prepare
Registering precompiled user dll's ...
Registered in 0.003780 seconds.
Begin MonoManager ReloadAssembly
Native extension for WindowsStandalone target not found
Refreshing native plugins compatible for Editor in 0.44 ms, found 3 plugins.
Preloading 0 native plugins for Editor in 0.00 ms.
Mono: successfully reloaded assembly
- Completed reload, in  0.780 seconds
Domain Reload Profiling:
	ReloadAssembly (780ms)
		BeginReloadAssembly (87ms)
			ExecutionOrderSort (0ms)
			DisableScriptedObjects (4ms)
			BackupInstance (0ms)
			ReleaseScriptingObjects (0ms)
			CreateAndSetChildDomain (30ms)
		EndReloadAssembly (647ms)
			LoadAssemblies (63ms)
			RebuildTransferFunctionScriptingTraits (0ms)
			SetupTypeCache (236ms)
			ReleaseScriptCaches (1ms)
			RebuildScriptCaches (38ms)
			SetupLoadedEditorAssemblies (226ms)
				LogAssemblyErrors (0ms)
				InitializePlatformSupportModulesInManaged (4ms)
				SetLoadedEditorAssemblies (0ms)
				RefreshPlugins (0ms)
				BeforeProcessingInitializeOnLoad (46ms)
				ProcessInitializeOnLoadAttributes (159ms)
				ProcessInitializeOnLoadMethodAttributes (13ms)
				AfterProcessingInitializeOnLoad (5ms)
				EditorAssembliesLoaded (0ms)
			ExecutionOrderSort2 (0ms)
			AwakeInstancesAfterBackupRestoration (7ms)
Platform modules already initialized, skipping
Refreshing native plugins compatible for Editor in 0.44 ms, found 3 plugins.
Preloading 0 native plugins for Editor in 0.00 ms.
Unloading 2394 Unused Serialized files (Serialized files now loaded: 0)
System memory in use before: 112.3 MB.
System memory in use after: 112.5 MB.

Unloading 22 unused Assets to reduce memory usage. Loaded Objects now: 2903.
Total: 1.994900 ms (FindLiveObjects: 0.147200 ms CreateObjectMapping: 0.074400 ms MarkObjects: 1.759900 ms  DeleteObjects: 0.012700 ms)

AssetImportParameters requested are different than current active one (requested -> active):
  custom:framework-win-MediaFoundation: 216162199b28c13a410421893ffa2e32 -> 
  custom:video-decoder-ogg-theora: a1e56fd34408186e4bbccfd4996cb3dc -> 
  custom:container-muxer-webm: aa71ff27fc2769a1b78a27578f13a17b -> 
  custom:container-demuxer-webm: 4f35f7cbe854078d1ac9338744f61a02 -> 
  custom:container-demuxer-ogg: 62fdf1f143b41e24485cea50d1cbac27 -> 
  custom:video-encoder-webm-vp8: eb34c28f22e8b96e1ab97ce403110664 -> 
  custom:video-decoder-webm-vp8: 9c59270c3fd7afecdb556c50c9e8de78 -> 
  custom:audio-decoder-ogg-vorbis: bf7c407c2cedff20999df2af8eb42d56 -> 
  custom:audio-encoder-webm-vorbis: bf7c407c2cedff20999df2af8eb42d56 -> 
========================================================================
Received Prepare
Registering precompiled user dll's ...
Registered in 0.003808 seconds.
Begin MonoManager ReloadAssembly
Native extension for WindowsStandalone target not found
Refreshing native plugins compatible for Editor in 0.46 ms, found 3 plugins.
Preloading 0 native plugins for Editor in 0.00 ms.
Mono: successfully reloaded assembly
- Completed reload, in  0.788 seconds
Domain Reload Profiling:
	ReloadAssembly (788ms)
		BeginReloadAssembly (91ms)
			ExecutionOrderSort (0ms)
			DisableScriptedObjects (5ms)
			BackupInstance (0ms)
			ReleaseScriptingObjects (0ms)
			CreateAndSetChildDomain (27ms)
		EndReloadAssembly (650ms)
			LoadAssemblies (64ms)
			RebuildTransferFunctionScriptingTraits (0ms)
			SetupTypeCache (235ms)
			ReleaseScriptCaches (1ms)
			RebuildScriptCaches (38ms)
			SetupLoadedEditorAssemblies (229ms)
				LogAssemblyErrors (0ms)
				InitializePlatformSupportModulesInManaged (4ms)
				SetLoadedEditorAssemblies (0ms)
				RefreshPlugins (1ms)
				BeforeProcessingInitializeOnLoad (46ms)
				ProcessInitializeOnLoadAttributes (161ms)
				ProcessInitializeOnLoadMethodAttributes (13ms)
				AfterProcessingInitializeOnLoad (5ms)
				EditorAssembliesLoaded (0ms)
			ExecutionOrderSort2 (0ms)
			AwakeInstancesAfterBackupRestoration (8ms)
Platform modules already initialized, skipping
Refreshing native plugins compatible for Editor in 0.45 ms, found 3 plugins.
Preloading 0 native plugins for Editor in 0.00 ms.
Unloading 2394 Unused Serialized files (Serialized files now loaded: 0)
System memory in use before: 112.3 MB.
System memory in use after: 112.5 MB.

Unloading 22 unused Assets to reduce memory usage. Loaded Objects now: 2906.
Total: 1.950900 ms (FindLiveObjects: 0.165600 ms CreateObjectMapping: 0.091600 ms MarkObjects: 1.681400 ms  DeleteObjects: 0.011500 ms)

AssetImportParameters requested are different than current active one (requested -> active):
  custom:framework-win-MediaFoundation: 216162199b28c13a410421893ffa2e32 -> 
  custom:video-decoder-ogg-theora: a1e56fd34408186e4bbccfd4996cb3dc -> 
  custom:container-muxer-webm: aa71ff27fc2769a1b78a27578f13a17b -> 
  custom:container-demuxer-webm: 4f35f7cbe854078d1ac9338744f61a02 -> 
  custom:container-demuxer-ogg: 62fdf1f143b41e24485cea50d1cbac27 -> 
  custom:video-encoder-webm-vp8: eb34c28f22e8b96e1ab97ce403110664 -> 
  custom:video-decoder-webm-vp8: 9c59270c3fd7afecdb556c50c9e8de78 -> 
  custom:audio-decoder-ogg-vorbis: bf7c407c2cedff20999df2af8eb42d56 -> 
  custom:audio-encoder-webm-vorbis: bf7c407c2cedff20999df2af8eb42d56 -> 
========================================================================
Received Prepare
Registering precompiled user dll's ...
Registered in 0.003777 seconds.
Begin MonoManager ReloadAssembly
Native extension for WindowsStandalone target not found
Refreshing native plugins compatible for Editor in 0.44 ms, found 3 plugins.
Preloading 0 native plugins for Editor in 0.00 ms.
Mono: successfully reloaded assembly
- Completed reload, in  0.784 seconds
Domain Reload Profiling:
	ReloadAssembly (784ms)
		BeginReloadAssembly (92ms)
			ExecutionOrderSort (0ms)
			DisableScriptedObjects (5ms)
			BackupInstance (0ms)
			ReleaseScriptingObjects (0ms)
			CreateAndSetChildDomain (26ms)
		EndReloadAssembly (645ms)
			LoadAssemblies (63ms)
			RebuildTransferFunctionScriptingTraits (0ms)
			SetupTypeCache (234ms)
			ReleaseScriptCaches (1ms)
			RebuildScriptCaches (38ms)
			SetupLoadedEditorAssemblies (226ms)
				LogAssemblyErrors (0ms)
				InitializePlatformSupportModulesInManaged (4ms)
				SetLoadedEditorAssemblies (0ms)
				RefreshPlugins (0ms)
				BeforeProcessingInitializeOnLoad (45ms)
				ProcessInitializeOnLoadAttributes (159ms)
				ProcessInitializeOnLoadMethodAttributes (13ms)
				AfterProcessingInitializeOnLoad (5ms)
				EditorAssembliesLoaded (0ms)
			ExecutionOrderSort2 (0ms)
			AwakeInstancesAfterBackupRestoration (8ms)
Platform modules already initialized, skipping
Refreshing native plugins compatible for Editor in 0.44 ms, found 3 plugins.
Preloading 0 native plugins for Editor in 0.00 ms.
Unloading 2394 Unused Serialized files (Serialized files now loaded: 0)
System memory in use before: 112.2 MB.
System memory in use after: 112.4 MB.

Unloading 22 unused Assets to reduce memory usage. Loaded Objects now: 2909.
Total: 2.037100 ms (FindLiveObjects: 0.153600 ms CreateObjectMapping: 0.086300 ms MarkObjects: 1.784800 ms  DeleteObjects: 0.011600 ms)

AssetImportParameters requested are different than current active one (requested -> active):
  custom:framework-win-MediaFoundation: 216162199b28c13a410421893ffa2e32 -> 
  custom:video-decoder-ogg-theora: a1e56fd34408186e4bbccfd4996cb3dc -> 
  custom:container-muxer-webm: aa71ff27fc2769a1b78a27578f13a17b -> 
  custom:container-demuxer-webm: 4f35f7cbe854078d1ac9338744f61a02 -> 
  custom:container-demuxer-ogg: 62fdf1f143b41e24485cea50d1cbac27 -> 
  custom:video-encoder-webm-vp8: eb34c28f22e8b96e1ab97ce403110664 -> 
  custom:video-decoder-webm-vp8: 9c59270c3fd7afecdb556c50c9e8de78 -> 
  custom:audio-decoder-ogg-vorbis: bf7c407c2cedff20999df2af8eb42d56 -> 
  custom:audio-encoder-webm-vorbis: bf7c407c2cedff20999df2af8eb42d56 -> 
========================================================================
Received Prepare
Refreshing native plugins compatible for Editor in 3.40 ms, found 3 plugins.
Preloading 0 native plugins for Editor in 0.00 ms.
Unloading 20 Unused Serialized files (Serialized files now loaded: 0)
System memory in use before: 64.7 MB.
System memory in use after: 64.9 MB.

Unloading 19 unused Assets to reduce memory usage. Loaded Objects now: 2909.
Total: 1.985200 ms (FindLiveObjects: 0.160700 ms CreateObjectMapping: 0.089300 ms MarkObjects: 1.724400 ms  DeleteObjects: 0.010200 ms)

AssetImportParameters requested are different than current active one (requested -> active):
  custom:framework-win-MediaFoundation: 216162199b28c13a410421893ffa2e32 -> 
  custom:video-decoder-ogg-theora: a1e56fd34408186e4bbccfd4996cb3dc -> 
  custom:container-muxer-webm: aa71ff27fc2769a1b78a27578f13a17b -> 
  custom:container-demuxer-webm: 4f35f7cbe854078d1ac9338744f61a02 -> 
  custom:container-demuxer-ogg: 62fdf1f143b41e24485cea50d1cbac27 -> 
  custom:video-encoder-webm-vp8: eb34c28f22e8b96e1ab97ce403110664 -> 
  custom:video-decoder-webm-vp8: 9c59270c3fd7afecdb556c50c9e8de78 -> 
  custom:audio-decoder-ogg-vorbis: bf7c407c2cedff20999df2af8eb42d56 -> 
  custom:audio-encoder-webm-vorbis: bf7c407c2cedff20999df2af8eb42d56 -> 
========================================================================
Received Prepare
Registering precompiled user dll's ...
Registered in 0.003746 seconds.
Begin MonoManager ReloadAssembly
Native extension for WindowsStandalone target not found
Refreshing native plugins compatible for Editor in 0.44 ms, found 3 plugins.
Preloading 0 native plugins for Editor in 0.00 ms.
Mono: successfully reloaded assembly
- Completed reload, in  0.804 seconds
Domain Reload Profiling:
	ReloadAssembly (804ms)
		BeginReloadAssembly (92ms)
			ExecutionOrderSort (0ms)
			DisableScriptedObjects (5ms)
			BackupInstance (0ms)
			ReleaseScriptingObjects (0ms)
			CreateAndSetChildDomain (26ms)
		EndReloadAssembly (665ms)
			LoadAssemblies (62ms)
			RebuildTransferFunctionScriptingTraits (0ms)
			SetupTypeCache (244ms)
			ReleaseScriptCaches (1ms)
			RebuildScriptCaches (39ms)
			SetupLoadedEditorAssemblies (235ms)
				LogAssemblyErrors (0ms)
				InitializePlatformSupportModulesInManaged (4ms)
				SetLoadedEditorAssemblies (0ms)
				RefreshPlugins (0ms)
				BeforeProcessingInitializeOnLoad (46ms)
				ProcessInitializeOnLoadAttributes (167ms)
				ProcessInitializeOnLoadMethodAttributes (13ms)
				AfterProcessingInitializeOnLoad (5ms)
				EditorAssembliesLoaded (0ms)
			ExecutionOrderSort2 (0ms)
			AwakeInstancesAfterBackupRestoration (8ms)
Platform modules already initialized, skipping
Refreshing native plugins compatible for Editor in 0.45 ms, found 3 plugins.
Preloading 0 native plugins for Editor in 0.00 ms.
Unloading 2394 Unused Serialized files (Serialized files now loaded: 0)
System memory in use before: 112.3 MB.
System memory in use after: 112.5 MB.

Unloading 22 unused Assets to reduce memory usage. Loaded Objects now: 2912.
Total: 2.138800 ms (FindLiveObjects: 0.178400 ms CreateObjectMapping: 0.077800 ms MarkObjects: 1.868400 ms  DeleteObjects: 0.013300 ms)

AssetImportParameters requested are different than current active one (requested -> active):
  custom:framework-win-MediaFoundation: 216162199b28c13a410421893ffa2e32 -> 
  custom:video-decoder-ogg-theora: a1e56fd34408186e4bbccfd4996cb3dc -> 
  custom:container-muxer-webm: aa71ff27fc2769a1b78a27578f13a17b -> 
  custom:container-demuxer-webm: 4f35f7cbe854078d1ac9338744f61a02 -> 
  custom:container-demuxer-ogg: 62fdf1f143b41e24485cea50d1cbac27 -> 
  custom:video-encoder-webm-vp8: eb34c28f22e8b96e1ab97ce403110664 -> 
  custom:video-decoder-webm-vp8: 9c59270c3fd7afecdb556c50c9e8de78 -> 
  custom:audio-decoder-ogg-vorbis: bf7c407c2cedff20999df2af8eb42d56 -> 
  custom:audio-encoder-webm-vorbis: bf7c407c2cedff20999df2af8eb42d56 -> 
========================================================================
Received Prepare
Registering precompiled user dll's ...
Registered in 0.003837 seconds.
Begin MonoManager ReloadAssembly
Native extension for WindowsStandalone target not found
Refreshing native plugins compatible for Editor in 0.51 ms, found 3 plugins.
Preloading 0 native plugins for Editor in 0.00 ms.
Mono: successfully reloaded assembly
- Completed reload, in  0.829 seconds
Domain Reload Profiling:
	ReloadAssembly (829ms)
		BeginReloadAssembly (106ms)
			ExecutionOrderSort (0ms)
			DisableScriptedObjects (5ms)
			BackupInstance (0ms)
			ReleaseScriptingObjects (0ms)
			CreateAndSetChildDomain (48ms)
		EndReloadAssembly (676ms)
			LoadAssemblies (64ms)
			RebuildTransferFunctionScriptingTraits (0ms)
			SetupTypeCache (245ms)
			ReleaseScriptCaches (1ms)
			RebuildScriptCaches (40ms)
			SetupLoadedEditorAssemblies (239ms)
				LogAssemblyErrors (0ms)
				InitializePlatformSupportModulesInManaged (4ms)
				SetLoadedEditorAssemblies (0ms)
				RefreshPlugins (1ms)
				BeforeProcessingInitializeOnLoad (48ms)
				ProcessInitializeOnLoadAttributes (168ms)
				ProcessInitializeOnLoadMethodAttributes (14ms)
				AfterProcessingInitializeOnLoad (5ms)
				EditorAssembliesLoaded (0ms)
			ExecutionOrderSort2 (0ms)
			AwakeInstancesAfterBackupRestoration (8ms)
Platform modules already initialized, skipping
Refreshing native plugins compatible for Editor in 0.44 ms, found 3 plugins.
Preloading 0 native plugins for Editor in 0.00 ms.
Unloading 2394 Unused Serialized files (Serialized files now loaded: 0)
System memory in use before: 112.3 MB.
System memory in use after: 112.5 MB.

Unloading 22 unused Assets to reduce memory usage. Loaded Objects now: 2915.
Total: 1.943600 ms (FindLiveObjects: 0.156300 ms CreateObjectMapping: 0.077800 ms MarkObjects: 1.693700 ms  DeleteObjects: 0.015200 ms)

AssetImportParameters requested are different than current active one (requested -> active):
  custom:framework-win-MediaFoundation: 216162199b28c13a410421893ffa2e32 -> 
  custom:video-decoder-ogg-theora: a1e56fd34408186e4bbccfd4996cb3dc -> 
  custom:container-muxer-webm: aa71ff27fc2769a1b78a27578f13a17b -> 
  custom:container-demuxer-webm: 4f35f7cbe854078d1ac9338744f61a02 -> 
  custom:container-demuxer-ogg: 62fdf1f143b41e24485cea50d1cbac27 -> 
  custom:video-encoder-webm-vp8: eb34c28f22e8b96e1ab97ce403110664 -> 
  custom:video-decoder-webm-vp8: 9c59270c3fd7afecdb556c50c9e8de78 -> 
  custom:audio-decoder-ogg-vorbis: bf7c407c2cedff20999df2af8eb42d56 -> 
  custom:audio-encoder-webm-vorbis: bf7c407c2cedff20999df2af8eb42d56 -> 
AssetImportWorkerClient::OnTransportError - code=2 error=End of file
